app/build/intermediates/manifest_merge_blame_file/debug/manifest-merger-blame-debug-report.txt
1<?xml version="1.0" encoding="utf-8"?>
2<manifest xmlns:android="http://schemas.android.com/apk/res/android"
3    package="com.eslammongy.asteroidradar"
4    android:versionCode="1"
5    android:versionName="1.0" >
6
7    <uses-sdk
8        android:minSdkVersion="21"
8-->src\main\AndroidManifest.xml
9        android:targetSdkVersion="31" />
9-->src\main\AndroidManifest.xml
10
11    <uses-permission android:name="android.permission.INTERNET" />
11-->src\main\AndroidManifest.xml:5:5-67
11-->src\main\AndroidManifest.xml:5:22-64
12    <uses-permission android:name="android.permission.WAKE_LOCK" />
12-->[androidx.work:work-runtime:2.0.0] AndroidManifest.xml:23:5-68
12-->[androidx.work:work-runtime:2.0.0] AndroidManifest.xml:23:22-65
13    <uses-permission android:name="android.permission.ACCESS_NETWORK_STATE" />
13-->[androidx.work:work-runtime:2.0.0] AndroidManifest.xml:24:5-79
13-->[androidx.work:work-runtime:2.0.0] AndroidManifest.xml:24:22-76
14    <uses-permission android:name="android.permission.RECEIVE_BOOT_COMPLETED" />
14-->[androidx.work:work-runtime:2.0.0] AndroidManifest.xml:25:5-81
14-->[androidx.work:work-runtime:2.0.0] AndroidManifest.xml:25:22-78
15
16    <application
16-->src\main\AndroidManifest.xml:7:5-22:19
17        android:allowBackup="true"
17-->src\main\AndroidManifest.xml:8:9-35
18        android:appComponentFactory="androidx.core.app.CoreComponentFactory"
18-->[androidx.core:core:1.7.0] AndroidManifest.xml:24:18-86
19        android:debuggable="true"
20        android:icon="@mipmap/ic_launcher"
20-->src\main\AndroidManifest.xml:9:9-43
21        android:label="@string/app_name"
21-->src\main\AndroidManifest.xml:10:9-41
22        android:roundIcon="@mipmap/ic_launcher_round"
22-->src\main\AndroidManifest.xml:11:9-54
23        android:supportsRtl="true"
23-->src\main\AndroidManifest.xml:12:9-35
24        android:testOnly="true"
25        android:theme="@style/AppTheme" >
25-->src\main\AndroidManifest.xml:13:9-40
26        <activity
26-->src\main\AndroidManifest.xml:14:9-21:20
27            android:name="com.eslammongy.asteroidradar.MainActivity"
27-->src\main\AndroidManifest.xml:14:19-47
28            android:exported="true" >
28-->src\main\AndroidManifest.xml:15:13-36
29            <intent-filter>
29-->src\main\AndroidManifest.xml:16:13-20:29
30                <action android:name="android.intent.action.MAIN" />
30-->src\main\AndroidManifest.xml:17:17-69
30-->src\main\AndroidManifest.xml:17:25-66
31
32                <category android:name="android.intent.category.LAUNCHER" />
32-->src\main\AndroidManifest.xml:19:17-77
32-->src\main\AndroidManifest.xml:19:27-74
33            </intent-filter>
34        </activity>
35
36        <provider
36-->[androidx.work:work-runtime:2.0.0] AndroidManifest.xml:28:9-34:35
37            android:name="androidx.work.impl.WorkManagerInitializer"
37-->[androidx.work:work-runtime:2.0.0] AndroidManifest.xml:29:13-69
38            android:authorities="com.eslammongy.asteroidradar.workmanager-init"
38-->[androidx.work:work-runtime:2.0.0] AndroidManifest.xml:30:13-68
39            android:directBootAware="false"
39-->[androidx.work:work-runtime:2.0.0] AndroidManifest.xml:31:13-44
40            android:exported="false"
40-->[androidx.work:work-runtime:2.0.0] AndroidManifest.xml:32:13-37
41            android:multiprocess="true" />
41-->[androidx.work:work-runtime:2.0.0] AndroidManifest.xml:33:13-40
42
43        <service
43-->[androidx.work:work-runtime:2.0.0] AndroidManifest.xml:36:9-41:35
44            android:name="androidx.work.impl.background.systemalarm.SystemAlarmService"
44-->[androidx.work:work-runtime:2.0.0] AndroidManifest.xml:37:13-88
45            android:directBootAware="false"
45-->[androidx.work:work-runtime:2.0.0] AndroidManifest.xml:38:13-44
46            android:enabled="@bool/enable_system_alarm_service_default"
46-->[androidx.work:work-runtime:2.0.0] AndroidManifest.xml:39:13-72
47            android:exported="false" />
47-->[androidx.work:work-runtime:2.0.0] AndroidManifest.xml:40:13-37
48        <service
48-->[androidx.work:work-runtime:2.0.0] AndroidManifest.xml:42:9-48:35
49            android:name="androidx.work.impl.background.systemjob.SystemJobService"
49-->[androidx.work:work-runtime:2.0.0] AndroidManifest.xml:43:13-84
50            android:directBootAware="false"
50-->[androidx.work:work-runtime:2.0.0] AndroidManifest.xml:44:13-44
51            android:enabled="@bool/enable_system_job_service_default"
51-->[androidx.work:work-runtime:2.0.0] AndroidManifest.xml:45:13-70
52            android:exported="true"
52-->[androidx.work:work-runtime:2.0.0] AndroidManifest.xml:46:13-36
53            android:permission="android.permission.BIND_JOB_SERVICE" />
53-->[androidx.work:work-runtime:2.0.0] AndroidManifest.xml:47:13-69
54
55        <receiver
55-->[androidx.work:work-runtime:2.0.0] AndroidManifest.xml:50:9-55:35
56            android:name="androidx.work.impl.utils.ForceStopRunnable$BroadcastReceiver"
56-->[androidx.work:work-runtime:2.0.0] AndroidManifest.xml:51:13-88
57            android:directBootAware="false"
57-->[androidx.work:work-runtime:2.0.0] AndroidManifest.xml:52:13-44
58            android:enabled="true"
58-->[androidx.work:work-runtime:2.0.0] AndroidManifest.xml:53:13-35
59            android:exported="false" />
59-->[androidx.work:work-runtime:2.0.0] AndroidManifest.xml:54:13-37
60        <receiver
60-->[androidx.work:work-runtime:2.0.0] AndroidManifest.xml:56:9-66:20
61            android:name="androidx.work.impl.background.systemalarm.ConstraintProxy$BatteryChargingProxy"
61-->[androidx.work:work-runtime:2.0.0] AndroidManifest.xml:57:13-106
62            android:directBootAware="false"
62-->[androidx.work:work-runtime:2.0.0] AndroidManifest.xml:58:13-44
63            android:enabled="false"
63-->[androidx.work:work-runtime:2.0.0] AndroidManifest.xml:59:13-36
64            android:exported="false" >
64-->[androidx.work:work-runtime:2.0.0] AndroidManifest.xml:60:13-37
65            <intent-filter>
65-->[androidx.work:work-runtime:2.0.0] AndroidManifest.xml:62:13-65:29
66                <action android:name="android.intent.action.ACTION_POWER_CONNECTED" />
66-->[androidx.work:work-runtime:2.0.0] AndroidManifest.xml:63:17-87
66-->[androidx.work:work-runtime:2.0.0] AndroidManifest.xml:63:25-84
67                <action android:name="android.intent.action.ACTION_POWER_DISCONNECTED" />
67-->[androidx.work:work-runtime:2.0.0] AndroidManifest.xml:64:17-90
67-->[androidx.work:work-runtime:2.0.0] AndroidManifest.xml:64:25-87
68            </intent-filter>
69        </receiver>
70        <receiver
70-->[androidx.work:work-runtime:2.0.0] AndroidManifest.xml:67:9-77:20
71            android:name="androidx.work.impl.background.systemalarm.ConstraintProxy$BatteryNotLowProxy"
71-->[androidx.work:work-runtime:2.0.0] AndroidManifest.xml:68:13-104
72            android:directBootAware="false"
72-->[androidx.work:work-runtime:2.0.0] AndroidManifest.xml:69:13-44
73            android:enabled="false"
73-->[androidx.work:work-runtime:2.0.0] AndroidManifest.xml:70:13-36
74            android:exported="false" >
74-->[androidx.work:work-runtime:2.0.0] AndroidManifest.xml:71:13-37
75            <intent-filter>
75-->[androidx.work:work-runtime:2.0.0] AndroidManifest.xml:73:13-76:29
76                <action android:name="android.intent.action.BATTERY_OKAY" />
76-->[androidx.work:work-runtime:2.0.0] AndroidManifest.xml:74:17-77
76-->[androidx.work:work-runtime:2.0.0] AndroidManifest.xml:74:25-74
77                <action android:name="android.intent.action.BATTERY_LOW" />
77-->[androidx.work:work-runtime:2.0.0] AndroidManifest.xml:75:17-76
77-->[androidx.work:work-runtime:2.0.0] AndroidManifest.xml:75:25-73
78            </intent-filter>
79        </receiver>
80        <receiver
80-->[androidx.work:work-runtime:2.0.0] AndroidManifest.xml:78:9-88:20
81            android:name="androidx.work.impl.background.systemalarm.ConstraintProxy$StorageNotLowProxy"
81-->[androidx.work:work-runtime:2.0.0] AndroidManifest.xml:79:13-104
82            android:directBootAware="false"
82-->[androidx.work:work-runtime:2.0.0] AndroidManifest.xml:80:13-44
83            android:enabled="false"
83-->[androidx.work:work-runtime:2.0.0] AndroidManifest.xml:81:13-36
84            android:exported="false" >
84-->[androidx.work:work-runtime:2.0.0] AndroidManifest.xml:82:13-37
85            <intent-filter>
85-->[androidx.work:work-runtime:2.0.0] AndroidManifest.xml:84:13-87:29
86                <action android:name="android.intent.action.DEVICE_STORAGE_LOW" />
86-->[androidx.work:work-runtime:2.0.0] AndroidManifest.xml:85:17-83
86-->[androidx.work:work-runtime:2.0.0] AndroidManifest.xml:85:25-80
87                <action android:name="android.intent.action.DEVICE_STORAGE_OK" />
87-->[androidx.work:work-runtime:2.0.0] AndroidManifest.xml:86:17-82
87-->[androidx.work:work-runtime:2.0.0] AndroidManifest.xml:86:25-79
88            </intent-filter>
89        </receiver>
90        <receiver
90-->[androidx.work:work-runtime:2.0.0] AndroidManifest.xml:89:9-98:20
91            android:name="androidx.work.impl.background.systemalarm.ConstraintProxy$NetworkStateProxy"
91-->[androidx.work:work-runtime:2.0.0] AndroidManifest.xml:90:13-103
92            android:directBootAware="false"
92-->[androidx.work:work-runtime:2.0.0] AndroidManifest.xml:91:13-44
93            android:enabled="false"
93-->[androidx.work:work-runtime:2.0.0] AndroidManifest.xml:92:13-36
94            android:exported="false" >
94-->[androidx.work:work-runtime:2.0.0] AndroidManifest.xml:93:13-37
95            <intent-filter>
95-->[androidx.work:work-runtime:2.0.0] AndroidManifest.xml:95:13-97:29
96                <action android:name="android.net.conn.CONNECTIVITY_CHANGE" />
96-->[androidx.work:work-runtime:2.0.0] AndroidManifest.xml:96:17-79
96-->[androidx.work:work-runtime:2.0.0] AndroidManifest.xml:96:25-76
97            </intent-filter>
98        </receiver>
99        <receiver
99-->[androidx.work:work-runtime:2.0.0] AndroidManifest.xml:99:9-110:20
100            android:name="androidx.work.impl.background.systemalarm.RescheduleReceiver"
100-->[androidx.work:work-runtime:2.0.0] AndroidManifest.xml:100:13-88
101            android:directBootAware="false"
101-->[androidx.work:work-runtime:2.0.0] AndroidManifest.xml:101:13-44
102            android:enabled="false"
102-->[androidx.work:work-runtime:2.0.0] AndroidManifest.xml:102:13-36
103            android:exported="false" >
103-->[androidx.work:work-runtime:2.0.0] AndroidManifest.xml:103:13-37
104            <intent-filter>
104-->[androidx.work:work-runtime:2.0.0] AndroidManifest.xml:105:13-109:29
105                <action android:name="android.intent.action.BOOT_COMPLETED" />
105-->[androidx.work:work-runtime:2.0.0] AndroidManifest.xml:106:17-79
105-->[androidx.work:work-runtime:2.0.0] AndroidManifest.xml:106:25-76
106                <action android:name="android.intent.action.TIME_SET" />
106-->[androidx.work:work-runtime:2.0.0] AndroidManifest.xml:107:17-73
106-->[androidx.work:work-runtime:2.0.0] AndroidManifest.xml:107:25-70
107                <action android:name="android.intent.action.TIMEZONE_CHANGED" />
107-->[androidx.work:work-runtime:2.0.0] AndroidManifest.xml:108:17-81
107-->[androidx.work:work-runtime:2.0.0] AndroidManifest.xml:108:25-78
108            </intent-filter>
109        </receiver>
110        <receiver
110-->[androidx.work:work-runtime:2.0.0] AndroidManifest.xml:111:9-120:20
111            android:name="androidx.work.impl.background.systemalarm.ConstraintProxyUpdateReceiver"
111-->[androidx.work:work-runtime:2.0.0] AndroidManifest.xml:112:13-99
112            android:directBootAware="false"
112-->[androidx.work:work-runtime:2.0.0] AndroidManifest.xml:113:13-44
113            android:enabled="@bool/enable_system_alarm_service_default"
113-->[androidx.work:work-runtime:2.0.0] AndroidManifest.xml:114:13-72
114            android:exported="false" >
114-->[androidx.work:work-runtime:2.0.0] AndroidManifest.xml:115:13-37
115            <intent-filter>
115-->[androidx.work:work-runtime:2.0.0] AndroidManifest.xml:117:13-119:29
116                <action android:name="androidx.work.impl.background.systemalarm.UpdateProxies" />
116-->[androidx.work:work-runtime:2.0.0] AndroidManifest.xml:118:17-98
116-->[androidx.work:work-runtime:2.0.0] AndroidManifest.xml:118:25-95
117            </intent-filter>
118        </receiver>
119
120        <service
120-->[androidx.room:room-runtime:2.4.0] AndroidManifest.xml:25:9-28:40
121            android:name="androidx.room.MultiInstanceInvalidationService"
121-->[androidx.room:room-runtime:2.4.0] AndroidManifest.xml:26:13-74
122            android:directBootAware="true"
122-->[androidx.room:room-runtime:2.4.0] AndroidManifest.xml:27:13-43
123            android:exported="false" />
123-->[androidx.room:room-runtime:2.4.0] AndroidManifest.xml:28:13-37
124
125        <provider
125-->[androidx.emoji2:emoji2:1.0.0] AndroidManifest.xml:26:9-34:20
126            android:name="androidx.startup.InitializationProvider"
126-->[androidx.emoji2:emoji2:1.0.0] AndroidManifest.xml:27:13-67
127            android:authorities="com.eslammongy.asteroidradar.androidx-startup"
127-->[androidx.emoji2:emoji2:1.0.0] AndroidManifest.xml:28:13-68
128            android:exported="false" >
128-->[androidx.emoji2:emoji2:1.0.0] AndroidManifest.xml:29:13-37
129            <meta-data
129-->[androidx.emoji2:emoji2:1.0.0] AndroidManifest.xml:31:13-33:52
130                android:name="androidx.emoji2.text.EmojiCompatInitializer"
130-->[androidx.emoji2:emoji2:1.0.0] AndroidManifest.xml:32:17-75
131                android:value="androidx.startup" />
131-->[androidx.emoji2:emoji2:1.0.0] AndroidManifest.xml:33:17-49
132            <meta-data
132-->[androidx.lifecycle:lifecycle-process:2.4.0] AndroidManifest.xml:31:13-33:52
133                android:name="androidx.lifecycle.ProcessLifecycleInitializer"
133-->[androidx.lifecycle:lifecycle-process:2.4.0] AndroidManifest.xml:32:17-78
134                android:value="androidx.startup" />
134-->[androidx.lifecycle:lifecycle-process:2.4.0] AndroidManifest.xml:33:17-49
135        </provider>
136    </application>
137
138</manifest>